{"/home/mavila/workspace/cursos/node/src/presentation/controllers/signup.ts": {"path":"/home/mavila/workspace/cursos/node/src/presentation/controllers/signup.ts","statementMap":{"0":{"start":{"line":1,"column":0},"end":{"line":1,"column":66}},"1":{"start":{"line":2,"column":0},"end":{"line":2,"column":65}},"2":{"start":{"line":6,"column":31},"end":{"line":6,"column":61}},"3":{"start":{"line":9,"column":4},"end":{"line":29,"column":null}},"4":{"start":{"line":10,"column":29},"end":{"line":15,"column":8}},"5":{"start":{"line":17,"column":6},"end":{"line":21,"column":null}},"6":{"start":{"line":18,"column":8},"end":{"line":20,"column":null}},"7":{"start":{"line":19,"column":10},"end":{"line":19,"column":58}},"8":{"start":{"line":23,"column":22},"end":{"line":23,"column":73}},"9":{"start":{"line":24,"column":6},"end":{"line":26,"column":null}},"10":{"start":{"line":25,"column":8},"end":{"line":25,"column":58}},"11":{"start":{"line":28,"column":6},"end":{"line":28,"column":27}},"12":{"start":{"line":5,"column":0},"end":{"line":5,"column":13}}},"fnMap":{"0":{"name":"(anonymous_0)","decl":{"start":{"line":6,"column":2},"end":{"line":6,"column":31}},"loc":{"start":{"line":6,"column":61},"end":{"line":6,"column":65}}},"1":{"name":"(anonymous_1)","decl":{"start":{"line":8,"column":2},"end":{"line":8,"column":8}},"loc":{"start":{"line":8,"column":33},"end":{"line":30,"column":3}}}},"branchMap":{"0":{"loc":{"start":{"line":18,"column":8},"end":{"line":20,"column":null}},"type":"if","locations":[{"start":{"line":18,"column":8},"end":{"line":20,"column":null}}]},"1":{"loc":{"start":{"line":24,"column":6},"end":{"line":26,"column":null}},"type":"if","locations":[{"start":{"line":24,"column":6},"end":{"line":26,"column":null}}]}},"s":{"0":1,"1":1,"2":7,"3":7,"4":7,"5":7,"6":22,"7":4,"8":3,"9":2,"10":1,"11":1,"12":1},"f":{"0":7,"1":7},"b":{"0":[4],"1":[1]}}
,"/home/mavila/workspace/cursos/node/src/presentation/errors/index.ts": {"path":"/home/mavila/workspace/cursos/node/src/presentation/errors/index.ts","statementMap":{"0":{"start":{"line":1,"column":0},"end":{"line":1,"column":38}},"1":{"start":{"line":2,"column":0},"end":{"line":2,"column":38}},"2":{"start":{"line":3,"column":0},"end":{"line":3,"column":31}}},"fnMap":{},"branchMap":{},"s":{"0":1,"1":1,"2":1},"f":{},"b":{}}
,"/home/mavila/workspace/cursos/node/src/presentation/protocols/index.ts": {"path":"/home/mavila/workspace/cursos/node/src/presentation/protocols/index.ts","statementMap":{"0":{"start":{"line":1,"column":0},"end":{"line":1,"column":28}},"1":{"start":{"line":2,"column":0},"end":{"line":2,"column":33}},"2":{"start":{"line":3,"column":0},"end":{"line":3,"column":22}}},"fnMap":{},"branchMap":{},"s":{"0":0,"1":0,"2":0},"f":{},"b":{}}
}
